<?xml version="1.0" encoding="UTF-8" ?>
<testsuite tests="1" failures="0" name="com.xinsheng.o2o.dao.AreaDaoTest" time="0.004" errors="1" skipped="0">
  <properties>
[...]
</properties>
  <testcase classname="com.xinsheng.o2o.dao.AreaDaoTest" name="testQueryArea" time="0.004">
    <error message="Invalid bound statement (not found): com.xinsheng.o2o.dao.AreaDao.queryArea" type="org.apache.ibatis.binding.BindingException">org.apache.ibatis.binding.BindingException: Invalid bound statement (not found): com.xinsheng.o2o.dao.AreaDao.queryArea
	at org.apache.ibatis.binding.MapperMethod$SqlCommand.&lt;init&gt;(MapperMethod.java:230)
	at org.apache.ibatis.binding.MapperMethod.&lt;init&gt;(MapperMethod.java:48)
	at org.apache.ibatis.binding.MapperProxy.cachedMapperMethod(MapperProxy.java:65)
	at org.apache.ibatis.binding.MapperProxy.invoke(MapperProxy.java:58)
	at com.sun.proxy.$Proxy17.queryArea(Unknown Source)
	at com.xinsheng.o2o.dao.AreaDaoTest.testQueryArea(AreaDaoTest.java:19)
	at sun.reflect.NativeMethodAccessorImpl.invoke0(Native Method)
	at sun.reflect.NativeMethodAccessorImpl.invoke(NativeMethodAccessorImpl.java:62)
	at sun.reflect.DelegatingMethodAccessorImpl.invoke(DelegatingMethodAccessorImpl.java:43)
	at java.lang.reflect.Method.invoke(Method.java:498)
	at org.junit.runners.model.FrameworkMethod$1.runReflectiveCall(FrameworkMethod.java:50)
	at org.junit.internal.runners.model.ReflectiveCallable.run(ReflectiveCallable.java:12)
	at org.junit.runners.model.FrameworkMethod.invokeExplosively(FrameworkMethod.java:47)
	at org.junit.internal.runners.statements.InvokeMethod.evaluate(InvokeMethod.java:17)
	at org.springframework.test.context.junit4.statements.RunBeforeTestMethodCallbacks.evaluate(RunBeforeTestMethodCallbacks.java:75)
	at org.springframework.test.context.junit4.statements.RunAfterTestMethodCallbacks.evaluate(RunAfterTestMethodCallbacks.java:86)
	at org.springframework.test.context.junit4.statements.SpringRepeat.evaluate(SpringRepeat.java:84)
	at org.junit.runners.ParentRunner.runLeaf(ParentRunner.java:325)
	at org.springframework.test.context.junit4.SpringJUnit4ClassRunner.runChild(SpringJUnit4ClassRunner.java:252)
	at org.springframework.test.context.junit4.SpringJUnit4ClassRunner.runChild(SpringJUnit4ClassRunner.java:94)
	at org.junit.runners.ParentRunner$3.run(ParentRunner.java:290)
	at org.junit.runners.ParentRunner$1.schedule(ParentRunner.java:71)
	at org.junit.runners.ParentRunner.runChildren(ParentRunner.java:288)
	at org.junit.runners.ParentRunner.access$000(ParentRunner.java:58)
	at org.junit.runners.ParentRunner$2.evaluate(ParentRunner.java:268)
	at org.springframework.test.context.junit4.statements.RunBeforeTestClassCallbacks.evaluate(RunBeforeTestClassCallbacks.java:61)
	at org.springframework.test.context.junit4.statements.RunAfterTestClassCallbacks.evaluate(RunAfterTestClassCallbacks.java:70)
	at org.junit.runners.ParentRunner.run(ParentRunner.java:363)
	at org.springframework.test.context.junit4.SpringJUnit4ClassRunner.run(SpringJUnit4ClassRunner.java:191)
	at org.apache.maven.surefire.junit4.JUnit4Provider.execute(JUnit4Provider.java:252)
	at org.apache.maven.surefire.junit4.JUnit4Provider.executeTestSet(JUnit4Provider.java:141)
	at org.apache.maven.surefire.junit4.JUnit4Provider.invoke(JUnit4Provider.java:112)
	at sun.reflect.NativeMethodAccessorImpl.invoke0(Native Method)
	at sun.reflect.NativeMethodAccessorImpl.invoke(NativeMethodAccessorImpl.java:62)
	at sun.reflect.DelegatingMethodAccessorImpl.invoke(DelegatingMethodAccessorImpl.java:43)
	at java.lang.reflect.Method.invoke(Method.java:498)
	at org.apache.maven.surefire.util.ReflectionUtils.invokeMethodWithArray(ReflectionUtils.java:189)
	at org.apache.maven.surefire.booter.ProviderFactory$ProviderProxy.invoke(ProviderFactory.java:165)
	at org.apache.maven.surefire.booter.ProviderFactory.invokeProvider(ProviderFactory.java:85)
	at org.apache.maven.surefire.booter.ForkedBooter.runSuitesInProcess(ForkedBooter.java:115)
	at org.apache.maven.surefire.booter.ForkedBooter.main(ForkedBooter.java:75)
</error>
    <system-out>08:56:36.572 [main] DEBUG org.apache.ibatis.logging.LogFactory - Logging initialized using &apos;class org.apache.ibatis.logging.slf4j.Slf4jImpl&apos; adapter.
08:56:36.626 [main] DEBUG org.apache.ibatis.io.VFS - Class not found: org.jboss.vfs.VFS
08:56:36.626 [main] DEBUG org.apache.ibatis.io.JBoss6VFS - JBoss 6 VFS API is not available in this environment.
08:56:36.627 [main] DEBUG org.apache.ibatis.io.VFS - Class not found: org.jboss.vfs.VirtualFile
08:56:36.627 [main] DEBUG org.apache.ibatis.io.VFS - VFS implementation org.apache.ibatis.io.JBoss6VFS is not valid in this environment.
08:56:36.628 [main] DEBUG org.apache.ibatis.io.VFS - Using VFS adapter org.apache.ibatis.io.DefaultVFS
08:56:36.628 [main] DEBUG org.apache.ibatis.io.DefaultVFS - Find JAR URL: file:/E:/ssm/o2o/target/classes/com/xinsheng/o2o/entity
08:56:36.628 [main] DEBUG org.apache.ibatis.io.DefaultVFS - Not a JAR: file:/E:/ssm/o2o/target/classes/com/xinsheng/o2o/entity
08:56:36.660 [main] DEBUG org.apache.ibatis.io.DefaultVFS - Reader entry: Area.class
08:56:36.660 [main] DEBUG org.apache.ibatis.io.DefaultVFS - Reader entry: HeadLine.class
08:56:36.661 [main] DEBUG org.apache.ibatis.io.DefaultVFS - Reader entry: LocalAuth.class
08:56:36.661 [main] DEBUG org.apache.ibatis.io.DefaultVFS - Reader entry: PersonInfo.class
08:56:36.661 [main] DEBUG org.apache.ibatis.io.DefaultVFS - Reader entry: Product.class
08:56:36.661 [main] DEBUG org.apache.ibatis.io.DefaultVFS - Reader entry: ProductCategory.class
08:56:36.662 [main] DEBUG org.apache.ibatis.io.DefaultVFS - Reader entry: ProductImg.class
08:56:36.662 [main] DEBUG org.apache.ibatis.io.DefaultVFS - Reader entry: Shop.class
08:56:36.662 [main] DEBUG org.apache.ibatis.io.DefaultVFS - Reader entry: ShopCategory.class
08:56:36.662 [main] DEBUG org.apache.ibatis.io.DefaultVFS - Reader entry: WechatAuth.class
08:56:36.663 [main] DEBUG org.apache.ibatis.io.DefaultVFS - Listing file:/E:/ssm/o2o/target/classes/com/xinsheng/o2o/entity
08:56:36.663 [main] DEBUG org.apache.ibatis.io.DefaultVFS - Find JAR URL: file:/E:/ssm/o2o/target/classes/com/xinsheng/o2o/entity/Area.class
08:56:36.663 [main] DEBUG org.apache.ibatis.io.DefaultVFS - Not a JAR: file:/E:/ssm/o2o/target/classes/com/xinsheng/o2o/entity/Area.class
08:56:36.664 [main] DEBUG org.apache.ibatis.io.DefaultVFS - Reader entry: ����&amp;#0;&amp;#0;&amp;#0;4&amp;#0;2
08:56:36.664 [main] DEBUG org.apache.ibatis.io.DefaultVFS - Find JAR URL: file:/E:/ssm/o2o/target/classes/com/xinsheng/o2o/entity/HeadLine.class
08:56:36.664 [main] DEBUG org.apache.ibatis.io.DefaultVFS - Not a JAR: file:/E:/ssm/o2o/target/classes/com/xinsheng/o2o/entity/HeadLine.class
08:56:36.665 [main] DEBUG org.apache.ibatis.io.DefaultVFS - Reader entry: ����&amp;#0;&amp;#0;&amp;#0;4&amp;#0;D
08:56:36.665 [main] DEBUG org.apache.ibatis.io.DefaultVFS - Find JAR URL: file:/E:/ssm/o2o/target/classes/com/xinsheng/o2o/entity/LocalAuth.class
08:56:36.665 [main] DEBUG org.apache.ibatis.io.DefaultVFS - Not a JAR: file:/E:/ssm/o2o/target/classes/com/xinsheng/o2o/entity/LocalAuth.class
08:56:36.665 [main] DEBUG org.apache.ibatis.io.DefaultVFS - Reader entry: ����&amp;#0;&amp;#0;&amp;#0;4&amp;#0;:
08:56:36.666 [main] DEBUG org.apache.ibatis.io.DefaultVFS - Find JAR URL: file:/E:/ssm/o2o/target/classes/com/xinsheng/o2o/entity/PersonInfo.class
08:56:36.666 [main] DEBUG org.apache.ibatis.io.DefaultVFS - Not a JAR: file:/E:/ssm/o2o/target/classes/com/xinsheng/o2o/entity/PersonInfo.class
08:56:36.666 [main] DEBUG org.apache.ibatis.io.DefaultVFS - Reader entry: ����&amp;#0;&amp;#0;&amp;#0;4&amp;#0;I
08:56:36.667 [main] DEBUG org.apache.ibatis.io.DefaultVFS - Find JAR URL: file:/E:/ssm/o2o/target/classes/com/xinsheng/o2o/entity/Product.class
08:56:36.667 [main] DEBUG org.apache.ibatis.io.DefaultVFS - Not a JAR: file:/E:/ssm/o2o/target/classes/com/xinsheng/o2o/entity/Product.class
08:56:36.668 [main] DEBUG org.apache.ibatis.io.DefaultVFS - Reader entry: ����&amp;#0;&amp;#0;&amp;#0;4&amp;#0;k
08:56:36.669 [main] DEBUG org.apache.ibatis.io.DefaultVFS - Find JAR URL: file:/E:/ssm/o2o/target/classes/com/xinsheng/o2o/entity/ProductCategory.class
08:56:36.670 [main] DEBUG org.apache.ibatis.io.DefaultVFS - Not a JAR: file:/E:/ssm/o2o/target/classes/com/xinsheng/o2o/entity/ProductCategory.class
08:56:36.671 [main] DEBUG org.apache.ibatis.io.DefaultVFS - Reader entry: ����&amp;#0;&amp;#0;&amp;#0;4&amp;#0;5
08:56:36.671 [main] DEBUG org.apache.ibatis.io.DefaultVFS - Find JAR URL: file:/E:/ssm/o2o/target/classes/com/xinsheng/o2o/entity/ProductImg.class
08:56:36.672 [main] DEBUG org.apache.ibatis.io.DefaultVFS - Not a JAR: file:/E:/ssm/o2o/target/classes/com/xinsheng/o2o/entity/ProductImg.class
08:56:36.672 [main] DEBUG org.apache.ibatis.io.DefaultVFS - Reader entry: ����&amp;#0;&amp;#0;&amp;#0;4&amp;#0;:
08:56:36.672 [main] DEBUG org.apache.ibatis.io.DefaultVFS - Find JAR URL: file:/E:/ssm/o2o/target/classes/com/xinsheng/o2o/entity/Shop.class
08:56:36.672 [main] DEBUG org.apache.ibatis.io.DefaultVFS - Not a JAR: file:/E:/ssm/o2o/target/classes/com/xinsheng/o2o/entity/Shop.class
08:56:36.673 [main] DEBUG org.apache.ibatis.io.DefaultVFS - Reader entry: ����&amp;#0;&amp;#0;&amp;#0;4&amp;#0;k
08:56:36.673 [main] DEBUG org.apache.ibatis.io.DefaultVFS - Find JAR URL: file:/E:/ssm/o2o/target/classes/com/xinsheng/o2o/entity/ShopCategory.class
08:56:36.673 [main] DEBUG org.apache.ibatis.io.DefaultVFS - Not a JAR: file:/E:/ssm/o2o/target/classes/com/xinsheng/o2o/entity/ShopCategory.class
08:56:36.674 [main] DEBUG org.apache.ibatis.io.DefaultVFS - Reader entry: ����&amp;#0;&amp;#0;&amp;#0;4&amp;#0;F
08:56:36.674 [main] DEBUG org.apache.ibatis.io.DefaultVFS - Find JAR URL: file:/E:/ssm/o2o/target/classes/com/xinsheng/o2o/entity/WechatAuth.class
08:56:36.674 [main] DEBUG org.apache.ibatis.io.DefaultVFS - Not a JAR: file:/E:/ssm/o2o/target/classes/com/xinsheng/o2o/entity/WechatAuth.class
08:56:36.675 [main] DEBUG org.apache.ibatis.io.DefaultVFS - Reader entry: ����&amp;#0;&amp;#0;&amp;#0;4&amp;#0;0
08:56:36.675 [main] DEBUG org.apache.ibatis.io.ResolverUtil - Checking to see if class com.xinsheng.o2o.entity.Area matches criteria [is assignable to Object]
08:56:36.676 [main] DEBUG org.apache.ibatis.io.ResolverUtil - Checking to see if class com.xinsheng.o2o.entity.HeadLine matches criteria [is assignable to Object]
08:56:36.677 [main] DEBUG org.apache.ibatis.io.ResolverUtil - Checking to see if class com.xinsheng.o2o.entity.LocalAuth matches criteria [is assignable to Object]
08:56:36.677 [main] DEBUG org.apache.ibatis.io.ResolverUtil - Checking to see if class com.xinsheng.o2o.entity.PersonInfo matches criteria [is assignable to Object]
08:56:36.678 [main] DEBUG org.apache.ibatis.io.ResolverUtil - Checking to see if class com.xinsheng.o2o.entity.Product matches criteria [is assignable to Object]
08:56:36.680 [main] DEBUG org.apache.ibatis.io.ResolverUtil - Checking to see if class com.xinsheng.o2o.entity.ProductCategory matches criteria [is assignable to Object]
08:56:36.680 [main] DEBUG org.apache.ibatis.io.ResolverUtil - Checking to see if class com.xinsheng.o2o.entity.ProductImg matches criteria [is assignable to Object]
08:56:36.681 [main] DEBUG org.apache.ibatis.io.ResolverUtil - Checking to see if class com.xinsheng.o2o.entity.Shop matches criteria [is assignable to Object]
08:56:36.682 [main] DEBUG org.apache.ibatis.io.ResolverUtil - Checking to see if class com.xinsheng.o2o.entity.ShopCategory matches criteria [is assignable to Object]
08:56:36.682 [main] DEBUG org.apache.ibatis.io.ResolverUtil - Checking to see if class com.xinsheng.o2o.entity.WechatAuth matches criteria [is assignable to Object]
08:56:36.683 [main] DEBUG org.mybatis.spring.SqlSessionFactoryBean - Scanned package: &apos;com.xinsheng.o2o.entity&apos; for aliases
Logging initialized using &apos;class org.apache.ibatis.logging.stdout.StdOutImpl&apos; adapter.
08:56:36.713 [main] DEBUG org.mybatis.spring.SqlSessionFactoryBean - Parsed configuration file: &apos;class path resource [mybatis-config.xml]&apos;
08:56:36.764 [main] DEBUG org.mybatis.spring.SqlSessionFactoryBean - Parsed mapper file: &apos;file [E:\ssm\o2o\target\classes\mapper\AreaDao.xml]&apos;
</system-out>
    <system-err>ʮ�� 27, 2022 8:56:35 ���� org.springframework.test.context.support.DefaultTestContextBootstrapper getDefaultTestExecutionListenerClassNames
��Ϣ: Loaded default TestExecutionListener class names from location [META-INF/spring.factories]: [org.springframework.test.context.web.ServletTestExecutionListener, org.springframework.test.context.support.DirtiesContextBeforeModesTestExecutionListener, org.springframework.test.context.support.DependencyInjectionTestExecutionListener, org.springframework.test.context.support.DirtiesContextTestExecutionListener, org.springframework.test.context.transaction.TransactionalTestExecutionListener, org.springframework.test.context.jdbc.SqlScriptsTestExecutionListener]
ʮ�� 27, 2022 8:56:35 ���� org.springframework.test.context.support.DefaultTestContextBootstrapper getTestExecutionListeners
��Ϣ: Using TestExecutionListeners: [org.springframework.test.context.web.ServletTestExecutionListener@5034c75a, org.springframework.test.context.support.DirtiesContextBeforeModesTestExecutionListener@396a51ab, org.springframework.test.context.support.DependencyInjectionTestExecutionListener@51081592, org.springframework.test.context.support.DirtiesContextTestExecutionListener@7f9a81e8, org.springframework.test.context.transaction.TransactionalTestExecutionListener@9629756, org.springframework.test.context.jdbc.SqlScriptsTestExecutionListener@62ee68d8]
ʮ�� 27, 2022 8:56:35 ���� org.springframework.beans.factory.xml.XmlBeanDefinitionReader loadBeanDefinitions
��Ϣ: Loading XML bean definitions from class path resource [spring/spring-dao.xml]
ʮ�� 27, 2022 8:56:35 ���� org.springframework.context.support.GenericApplicationContext prepareRefresh
��Ϣ: Refreshing org.springframework.context.support.GenericApplicationContext@4667ae56: startup date [Thu Oct 27 08:56:35 GMT+08:00 2022]; root of context hierarchy
ʮ�� 27, 2022 8:56:35 ���� com.mchange.v2.log.MLog &lt;clinit&gt;
��Ϣ: MLog clients using java 1.4+ standard logging.
ʮ�� 27, 2022 8:56:36 ���� com.mchange.v2.c3p0.C3P0Registry banner
��Ϣ: Initializing c3p0-0.9.1.2 [built 21-May-2007 15:04:56; debug? true; trace: 10]
</system-err>
  </testcase>
</testsuite>